<?xml version="1.0" encoding="UTF-8"?>
<testsuite xmlns:xsi="http://www.w3.org/2001/XMLSchema-instance" xsi:noNamespaceSchemaLocation="https://maven.apache.org/surefire/maven-surefire-plugin/xsd/surefire-test-report-3.0.xsd" version="3.0" name="apiRunner.TestRunner" time="3.317" tests="0" errors="0" skipped="0" failures="0">
  <properties>
    <property name="java.specification.version" value="14"/>
    <property name="sun.cpu.isalist" value="amd64"/>
    <property name="sun.jnu.encoding" value="Cp1252"/>
    <property name="java.class.path" value="C:\Personal_Projects\API_Demo_Practice\target\test-classes;C:\Personal_Projects\API_Demo_Practice\target\classes;C:\Users\Aravind\.m2\repository\org\junit\jupiter\junit-jupiter-engine\5.7.1\junit-jupiter-engine-5.7.1.jar;C:\Users\Aravind\.m2\repository\org\apiguardian\apiguardian-api\1.1.0\apiguardian-api-1.1.0.jar;C:\Users\Aravind\.m2\repository\org\junit\platform\junit-platform-engine\1.7.1\junit-platform-engine-1.7.1.jar;C:\Users\Aravind\.m2\repository\org\opentest4j\opentest4j\1.2.0\opentest4j-1.2.0.jar;C:\Users\Aravind\.m2\repository\org\junit\platform\junit-platform-commons\1.7.1\junit-platform-commons-1.7.1.jar;C:\Users\Aravind\.m2\repository\org\junit\jupiter\junit-jupiter-api\5.7.1\junit-jupiter-api-5.7.1.jar;C:\Users\Aravind\.m2\repository\org\junit\jupiter\junit-jupiter-params\5.7.1\junit-jupiter-params-5.7.1.jar;C:\Users\Aravind\.m2\repository\junit\junit\4.11\junit-4.11.jar;C:\Users\Aravind\.m2\repository\org\hamcrest\hamcrest-core\1.3\hamcrest-core-1.3.jar;C:\Users\Aravind\.m2\repository\io\rest-assured\rest-assured\4.2.0\rest-assured-4.2.0.jar;C:\Users\Aravind\.m2\repository\org\codehaus\groovy\groovy-xml\2.5.8\groovy-xml-2.5.8.jar;C:\Users\Aravind\.m2\repository\org\apache\httpcomponents\httpclient\4.5.3\httpclient-4.5.3.jar;C:\Users\Aravind\.m2\repository\org\apache\httpcomponents\httpcore\4.4.6\httpcore-4.4.6.jar;C:\Users\Aravind\.m2\repository\commons-logging\commons-logging\1.2\commons-logging-1.2.jar;C:\Users\Aravind\.m2\repository\commons-codec\commons-codec\1.9\commons-codec-1.9.jar;C:\Users\Aravind\.m2\repository\org\apache\httpcomponents\httpmime\4.5.3\httpmime-4.5.3.jar;C:\Users\Aravind\.m2\repository\org\hamcrest\hamcrest\2.1\hamcrest-2.1.jar;C:\Users\Aravind\.m2\repository\org\ccil\cowan\tagsoup\tagsoup\1.2.1\tagsoup-1.2.1.jar;C:\Users\Aravind\.m2\repository\io\rest-assured\json-path\4.2.0\json-path-4.2.0.jar;C:\Users\Aravind\.m2\repository\io\rest-assured\rest-assured-common\4.2.0\rest-assured-common-4.2.0.jar;C:\Users\Aravind\.m2\repository\io\rest-assured\xml-path\4.2.0\xml-path-4.2.0.jar;C:\Users\Aravind\.m2\repository\org\apache\commons\commons-lang3\3.4\commons-lang3-3.4.jar;C:\Users\Aravind\.m2\repository\jakarta\xml\bind\jakarta.xml.bind-api\2.3.2\jakarta.xml.bind-api-2.3.2.jar;C:\Users\Aravind\.m2\repository\jakarta\activation\jakarta.activation-api\1.2.1\jakarta.activation-api-1.2.1.jar;C:\Users\Aravind\.m2\repository\com\sun\xml\bind\jaxb-osgi\2.3.0.1\jaxb-osgi-2.3.0.1.jar;C:\Users\Aravind\.m2\repository\org\apache\sling\org.apache.sling.javax.activation\0.1.0\org.apache.sling.javax.activation-0.1.0.jar;C:\Users\Aravind\.m2\repository\javax\activation\activation\1.1.1\activation-1.1.1.jar;C:\Users\Aravind\.m2\repository\io\cucumber\cucumber-java\5.5.0\cucumber-java-5.5.0.jar;C:\Users\Aravind\.m2\repository\io\cucumber\cucumber-core\5.5.0\cucumber-core-5.5.0.jar;C:\Users\Aravind\.m2\repository\io\cucumber\cucumber-gherkin\5.5.0\cucumber-gherkin-5.5.0.jar;C:\Users\Aravind\.m2\repository\io\cucumber\cucumber-gherkin-vintage\5.5.0\cucumber-gherkin-vintage-5.5.0.jar;C:\Users\Aravind\.m2\repository\io\cucumber\tag-expressions\2.0.4\tag-expressions-2.0.4.jar;C:\Users\Aravind\.m2\repository\io\cucumber\cucumber-expressions\8.3.1\cucumber-expressions-8.3.1.jar;C:\Users\Aravind\.m2\repository\io\cucumber\datatable\3.3.0\datatable-3.3.0.jar;C:\Users\Aravind\.m2\repository\io\cucumber\cucumber-plugin\5.5.0\cucumber-plugin-5.5.0.jar;C:\Users\Aravind\.m2\repository\io\cucumber\docstring\5.5.0\docstring-5.5.0.jar;C:\Users\Aravind\.m2\repository\io\cucumber\cucumber-jvm-deps\1.0.6\cucumber-jvm-deps-1.0.6.jar;C:\Users\Aravind\.m2\repository\io\cucumber\cucumber-junit\5.5.0\cucumber-junit-5.5.0.jar;C:\Users\Aravind\.m2\repository\org\codehaus\groovy\groovy\3.0.3\groovy-3.0.3.jar;C:\Users\Aravind\.m2\repository\org\codehaus\groovy\groovy-sql\3.0.3\groovy-sql-3.0.3.jar;C:\Users\Aravind\.m2\repository\org\codehaus\groovy\groovy-ant\3.0.3\groovy-ant-3.0.3.jar;C:\Users\Aravind\.m2\repository\org\apache\ant\ant\1.10.7\ant-1.10.7.jar;C:\Users\Aravind\.m2\repository\org\apache\ant\ant-junit\1.10.7\ant-junit-1.10.7.jar;C:\Users\Aravind\.m2\repository\org\apache\ant\ant-launcher\1.10.7\ant-launcher-1.10.7.jar;C:\Users\Aravind\.m2\repository\org\apache\ant\ant-antlr\1.10.7\ant-antlr-1.10.7.jar;C:\Users\Aravind\.m2\repository\org\codehaus\groovy\groovy-astbuilder\3.0.3\groovy-astbuilder-3.0.3.jar;C:\Users\Aravind\.m2\repository\org\codehaus\groovy\groovy-cli-picocli\3.0.3\groovy-cli-picocli-3.0.3.jar;C:\Users\Aravind\.m2\repository\info\picocli\picocli\4.2.0\picocli-4.2.0.jar;C:\Users\Aravind\.m2\repository\org\codehaus\groovy\groovy-console\3.0.3\groovy-console-3.0.3.jar;C:\Users\Aravind\.m2\repository\org\codehaus\groovy\groovy-datetime\3.0.3\groovy-datetime-3.0.3.jar;C:\Users\Aravind\.m2\repository\org\codehaus\groovy\groovy-docgenerator\3.0.3\groovy-docgenerator-3.0.3.jar;C:\Users\Aravind\.m2\repository\com\thoughtworks\qdox\qdox\1.12.1\qdox-1.12.1.jar;C:\Users\Aravind\.m2\repository\org\codehaus\groovy\groovy-groovydoc\3.0.3\groovy-groovydoc-3.0.3.jar;C:\Users\Aravind\.m2\repository\com\github\javaparser\javaparser-core\3.15.17\javaparser-core-3.15.17.jar;C:\Users\Aravind\.m2\repository\org\codehaus\groovy\groovy-groovysh\3.0.3\groovy-groovysh-3.0.3.jar;C:\Users\Aravind\.m2\repository\jline\jline\2.14.6\jline-2.14.6.jar;C:\Users\Aravind\.m2\repository\org\codehaus\groovy\groovy-jmx\3.0.3\groovy-jmx-3.0.3.jar;C:\Users\Aravind\.m2\repository\org\codehaus\groovy\groovy-json\3.0.3\groovy-json-3.0.3.jar;C:\Users\Aravind\.m2\repository\org\codehaus\groovy\groovy-jsr223\3.0.3\groovy-jsr223-3.0.3.jar;C:\Users\Aravind\.m2\repository\org\codehaus\groovy\groovy-macro\3.0.3\groovy-macro-3.0.3.jar;C:\Users\Aravind\.m2\repository\org\codehaus\groovy\groovy-nio\3.0.3\groovy-nio-3.0.3.jar;C:\Users\Aravind\.m2\repository\org\codehaus\groovy\groovy-servlet\3.0.3\groovy-servlet-3.0.3.jar;C:\Users\Aravind\.m2\repository\org\codehaus\groovy\groovy-swing\3.0.3\groovy-swing-3.0.3.jar;C:\Users\Aravind\.m2\repository\org\codehaus\groovy\groovy-templates\3.0.3\groovy-templates-3.0.3.jar;C:\Users\Aravind\.m2\repository\org\codehaus\groovy\groovy-test\3.0.3\groovy-test-3.0.3.jar;C:\Users\Aravind\.m2\repository\org\codehaus\groovy\groovy-test-junit5\3.0.3\groovy-test-junit5-3.0.3.jar;C:\Users\Aravind\.m2\repository\org\junit\platform\junit-platform-launcher\1.6.0\junit-platform-launcher-1.6.0.jar;C:\Users\Aravind\.m2\repository\org\codehaus\groovy\groovy-testng\3.0.3\groovy-testng-3.0.3.jar;C:\Users\Aravind\.m2\repository\org\testng\testng\6.14.3\testng-6.14.3.jar;C:\Users\Aravind\.m2\repository\com\beust\jcommander\1.72\jcommander-1.72.jar;C:\Users\Aravind\.m2\repository\com\fasterxml\jackson\core\jackson-databind\2.9.8\jackson-databind-2.9.8.jar;C:\Users\Aravind\.m2\repository\com\fasterxml\jackson\core\jackson-annotations\2.9.0\jackson-annotations-2.9.0.jar;C:\Users\Aravind\.m2\repository\com\fasterxml\jackson\core\jackson-core\2.9.8\jackson-core-2.9.8.jar;C:\Users\Aravind\.m2\repository\tech\grasshopper\extentreports-cucumber5-adapter\1.1.0\extentreports-cucumber5-adapter-1.1.0.jar;C:\Users\Aravind\.m2\repository\org\mongodb\mongodb-driver\3.3.0\mongodb-driver-3.3.0.jar;C:\Users\Aravind\.m2\repository\org\mongodb\mongodb-driver-core\3.3.0\mongodb-driver-core-3.3.0.jar;C:\Users\Aravind\.m2\repository\com\aventstack\extentreports\4.1.5\extentreports-4.1.5.jar;C:\Users\Aravind\.m2\repository\org\freemarker\freemarker\2.3.29\freemarker-2.3.29.jar;C:\Users\Aravind\.m2\repository\com\google\code\gson\gson\2.8.6\gson-2.8.6.jar;C:\Users\Aravind\.m2\repository\org\mongodb\bson\3.12.0\bson-3.12.0.jar;C:\Users\Aravind\.m2\repository\commons-io\commons-io\2.11.0\commons-io-2.11.0.jar;"/>
    <property name="java.vm.vendor" value="Oracle Corporation"/>
    <property name="sun.arch.data.model" value="64"/>
    <property name="user.variant" value=""/>
    <property name="java.vendor.url" value="https://java.oracle.com/"/>
    <property name="user.timezone" value="Asia/Calcutta"/>
    <property name="os.name" value="Windows 10"/>
    <property name="java.vm.specification.version" value="14"/>
    <property name="sun.java.launcher" value="SUN_STANDARD"/>
    <property name="user.country" value="US"/>
    <property name="sun.boot.library.path" value="C:\Program Files\Java\jdk-14\bin"/>
    <property name="sun.java.command" value="C:\Users\Aravind\AppData\Local\Temp\surefire1344791695574493816\surefirebooter14228571642143164004.jar C:\Users\Aravind\AppData\Local\Temp\surefire1344791695574493816 2021-11-30T21-30-24_553-jvmRun1 surefire6396371849822008817tmp surefire_011630047522247395914tmp"/>
    <property name="jdk.debug" value="release"/>
    <property name="surefire.test.class.path" value="C:\Personal_Projects\API_Demo_Practice\target\test-classes;C:\Personal_Projects\API_Demo_Practice\target\classes;C:\Users\Aravind\.m2\repository\org\junit\jupiter\junit-jupiter-engine\5.7.1\junit-jupiter-engine-5.7.1.jar;C:\Users\Aravind\.m2\repository\org\apiguardian\apiguardian-api\1.1.0\apiguardian-api-1.1.0.jar;C:\Users\Aravind\.m2\repository\org\junit\platform\junit-platform-engine\1.7.1\junit-platform-engine-1.7.1.jar;C:\Users\Aravind\.m2\repository\org\opentest4j\opentest4j\1.2.0\opentest4j-1.2.0.jar;C:\Users\Aravind\.m2\repository\org\junit\platform\junit-platform-commons\1.7.1\junit-platform-commons-1.7.1.jar;C:\Users\Aravind\.m2\repository\org\junit\jupiter\junit-jupiter-api\5.7.1\junit-jupiter-api-5.7.1.jar;C:\Users\Aravind\.m2\repository\org\junit\jupiter\junit-jupiter-params\5.7.1\junit-jupiter-params-5.7.1.jar;C:\Users\Aravind\.m2\repository\junit\junit\4.11\junit-4.11.jar;C:\Users\Aravind\.m2\repository\org\hamcrest\hamcrest-core\1.3\hamcrest-core-1.3.jar;C:\Users\Aravind\.m2\repository\io\rest-assured\rest-assured\4.2.0\rest-assured-4.2.0.jar;C:\Users\Aravind\.m2\repository\org\codehaus\groovy\groovy-xml\2.5.8\groovy-xml-2.5.8.jar;C:\Users\Aravind\.m2\repository\org\apache\httpcomponents\httpclient\4.5.3\httpclient-4.5.3.jar;C:\Users\Aravind\.m2\repository\org\apache\httpcomponents\httpcore\4.4.6\httpcore-4.4.6.jar;C:\Users\Aravind\.m2\repository\commons-logging\commons-logging\1.2\commons-logging-1.2.jar;C:\Users\Aravind\.m2\repository\commons-codec\commons-codec\1.9\commons-codec-1.9.jar;C:\Users\Aravind\.m2\repository\org\apache\httpcomponents\httpmime\4.5.3\httpmime-4.5.3.jar;C:\Users\Aravind\.m2\repository\org\hamcrest\hamcrest\2.1\hamcrest-2.1.jar;C:\Users\Aravind\.m2\repository\org\ccil\cowan\tagsoup\tagsoup\1.2.1\tagsoup-1.2.1.jar;C:\Users\Aravind\.m2\repository\io\rest-assured\json-path\4.2.0\json-path-4.2.0.jar;C:\Users\Aravind\.m2\repository\io\rest-assured\rest-assured-common\4.2.0\rest-assured-common-4.2.0.jar;C:\Users\Aravind\.m2\repository\io\rest-assured\xml-path\4.2.0\xml-path-4.2.0.jar;C:\Users\Aravind\.m2\repository\org\apache\commons\commons-lang3\3.4\commons-lang3-3.4.jar;C:\Users\Aravind\.m2\repository\jakarta\xml\bind\jakarta.xml.bind-api\2.3.2\jakarta.xml.bind-api-2.3.2.jar;C:\Users\Aravind\.m2\repository\jakarta\activation\jakarta.activation-api\1.2.1\jakarta.activation-api-1.2.1.jar;C:\Users\Aravind\.m2\repository\com\sun\xml\bind\jaxb-osgi\2.3.0.1\jaxb-osgi-2.3.0.1.jar;C:\Users\Aravind\.m2\repository\org\apache\sling\org.apache.sling.javax.activation\0.1.0\org.apache.sling.javax.activation-0.1.0.jar;C:\Users\Aravind\.m2\repository\javax\activation\activation\1.1.1\activation-1.1.1.jar;C:\Users\Aravind\.m2\repository\io\cucumber\cucumber-java\5.5.0\cucumber-java-5.5.0.jar;C:\Users\Aravind\.m2\repository\io\cucumber\cucumber-core\5.5.0\cucumber-core-5.5.0.jar;C:\Users\Aravind\.m2\repository\io\cucumber\cucumber-gherkin\5.5.0\cucumber-gherkin-5.5.0.jar;C:\Users\Aravind\.m2\repository\io\cucumber\cucumber-gherkin-vintage\5.5.0\cucumber-gherkin-vintage-5.5.0.jar;C:\Users\Aravind\.m2\repository\io\cucumber\tag-expressions\2.0.4\tag-expressions-2.0.4.jar;C:\Users\Aravind\.m2\repository\io\cucumber\cucumber-expressions\8.3.1\cucumber-expressions-8.3.1.jar;C:\Users\Aravind\.m2\repository\io\cucumber\datatable\3.3.0\datatable-3.3.0.jar;C:\Users\Aravind\.m2\repository\io\cucumber\cucumber-plugin\5.5.0\cucumber-plugin-5.5.0.jar;C:\Users\Aravind\.m2\repository\io\cucumber\docstring\5.5.0\docstring-5.5.0.jar;C:\Users\Aravind\.m2\repository\io\cucumber\cucumber-jvm-deps\1.0.6\cucumber-jvm-deps-1.0.6.jar;C:\Users\Aravind\.m2\repository\io\cucumber\cucumber-junit\5.5.0\cucumber-junit-5.5.0.jar;C:\Users\Aravind\.m2\repository\org\codehaus\groovy\groovy\3.0.3\groovy-3.0.3.jar;C:\Users\Aravind\.m2\repository\org\codehaus\groovy\groovy-sql\3.0.3\groovy-sql-3.0.3.jar;C:\Users\Aravind\.m2\repository\org\codehaus\groovy\groovy-ant\3.0.3\groovy-ant-3.0.3.jar;C:\Users\Aravind\.m2\repository\org\apache\ant\ant\1.10.7\ant-1.10.7.jar;C:\Users\Aravind\.m2\repository\org\apache\ant\ant-junit\1.10.7\ant-junit-1.10.7.jar;C:\Users\Aravind\.m2\repository\org\apache\ant\ant-launcher\1.10.7\ant-launcher-1.10.7.jar;C:\Users\Aravind\.m2\repository\org\apache\ant\ant-antlr\1.10.7\ant-antlr-1.10.7.jar;C:\Users\Aravind\.m2\repository\org\codehaus\groovy\groovy-astbuilder\3.0.3\groovy-astbuilder-3.0.3.jar;C:\Users\Aravind\.m2\repository\org\codehaus\groovy\groovy-cli-picocli\3.0.3\groovy-cli-picocli-3.0.3.jar;C:\Users\Aravind\.m2\repository\info\picocli\picocli\4.2.0\picocli-4.2.0.jar;C:\Users\Aravind\.m2\repository\org\codehaus\groovy\groovy-console\3.0.3\groovy-console-3.0.3.jar;C:\Users\Aravind\.m2\repository\org\codehaus\groovy\groovy-datetime\3.0.3\groovy-datetime-3.0.3.jar;C:\Users\Aravind\.m2\repository\org\codehaus\groovy\groovy-docgenerator\3.0.3\groovy-docgenerator-3.0.3.jar;C:\Users\Aravind\.m2\repository\com\thoughtworks\qdox\qdox\1.12.1\qdox-1.12.1.jar;C:\Users\Aravind\.m2\repository\org\codehaus\groovy\groovy-groovydoc\3.0.3\groovy-groovydoc-3.0.3.jar;C:\Users\Aravind\.m2\repository\com\github\javaparser\javaparser-core\3.15.17\javaparser-core-3.15.17.jar;C:\Users\Aravind\.m2\repository\org\codehaus\groovy\groovy-groovysh\3.0.3\groovy-groovysh-3.0.3.jar;C:\Users\Aravind\.m2\repository\jline\jline\2.14.6\jline-2.14.6.jar;C:\Users\Aravind\.m2\repository\org\codehaus\groovy\groovy-jmx\3.0.3\groovy-jmx-3.0.3.jar;C:\Users\Aravind\.m2\repository\org\codehaus\groovy\groovy-json\3.0.3\groovy-json-3.0.3.jar;C:\Users\Aravind\.m2\repository\org\codehaus\groovy\groovy-jsr223\3.0.3\groovy-jsr223-3.0.3.jar;C:\Users\Aravind\.m2\repository\org\codehaus\groovy\groovy-macro\3.0.3\groovy-macro-3.0.3.jar;C:\Users\Aravind\.m2\repository\org\codehaus\groovy\groovy-nio\3.0.3\groovy-nio-3.0.3.jar;C:\Users\Aravind\.m2\repository\org\codehaus\groovy\groovy-servlet\3.0.3\groovy-servlet-3.0.3.jar;C:\Users\Aravind\.m2\repository\org\codehaus\groovy\groovy-swing\3.0.3\groovy-swing-3.0.3.jar;C:\Users\Aravind\.m2\repository\org\codehaus\groovy\groovy-templates\3.0.3\groovy-templates-3.0.3.jar;C:\Users\Aravind\.m2\repository\org\codehaus\groovy\groovy-test\3.0.3\groovy-test-3.0.3.jar;C:\Users\Aravind\.m2\repository\org\codehaus\groovy\groovy-test-junit5\3.0.3\groovy-test-junit5-3.0.3.jar;C:\Users\Aravind\.m2\repository\org\junit\platform\junit-platform-launcher\1.6.0\junit-platform-launcher-1.6.0.jar;C:\Users\Aravind\.m2\repository\org\codehaus\groovy\groovy-testng\3.0.3\groovy-testng-3.0.3.jar;C:\Users\Aravind\.m2\repository\org\testng\testng\6.14.3\testng-6.14.3.jar;C:\Users\Aravind\.m2\repository\com\beust\jcommander\1.72\jcommander-1.72.jar;C:\Users\Aravind\.m2\repository\com\fasterxml\jackson\core\jackson-databind\2.9.8\jackson-databind-2.9.8.jar;C:\Users\Aravind\.m2\repository\com\fasterxml\jackson\core\jackson-annotations\2.9.0\jackson-annotations-2.9.0.jar;C:\Users\Aravind\.m2\repository\com\fasterxml\jackson\core\jackson-core\2.9.8\jackson-core-2.9.8.jar;C:\Users\Aravind\.m2\repository\tech\grasshopper\extentreports-cucumber5-adapter\1.1.0\extentreports-cucumber5-adapter-1.1.0.jar;C:\Users\Aravind\.m2\repository\org\mongodb\mongodb-driver\3.3.0\mongodb-driver-3.3.0.jar;C:\Users\Aravind\.m2\repository\org\mongodb\mongodb-driver-core\3.3.0\mongodb-driver-core-3.3.0.jar;C:\Users\Aravind\.m2\repository\com\aventstack\extentreports\4.1.5\extentreports-4.1.5.jar;C:\Users\Aravind\.m2\repository\org\freemarker\freemarker\2.3.29\freemarker-2.3.29.jar;C:\Users\Aravind\.m2\repository\com\google\code\gson\gson\2.8.6\gson-2.8.6.jar;C:\Users\Aravind\.m2\repository\org\mongodb\bson\3.12.0\bson-3.12.0.jar;C:\Users\Aravind\.m2\repository\commons-io\commons-io\2.11.0\commons-io-2.11.0.jar;"/>
    <property name="sun.cpu.endian" value="little"/>
    <property name="user.home" value="C:\Users\Aravind"/>
    <property name="user.language" value="en"/>
    <property name="java.specification.vendor" value="Oracle Corporation"/>
    <property name="java.version.date" value="2020-03-17"/>
    <property name="java.home" value="C:\Program Files\Java\jdk-14"/>
    <property name="file.separator" value="\"/>
    <property name="basedir" value="C:\Personal_Projects\API_Demo_Practice"/>
    <property name="java.vm.compressedOopsMode" value="Zero based"/>
    <property name="line.separator" value="&#10;"/>
    <property name="java.vm.specification.vendor" value="Oracle Corporation"/>
    <property name="java.specification.name" value="Java Platform API Specification"/>
    <property name="surefire.real.class.path" value="C:\Users\Aravind\AppData\Local\Temp\surefire1344791695574493816\surefirebooter14228571642143164004.jar"/>
    <property name="user.script" value=""/>
    <property name="sun.management.compiler" value="HotSpot 64-Bit Tiered Compilers"/>
    <property name="java.runtime.version" value="14+36-1461"/>
    <property name="user.name" value="Aravind"/>
    <property name="path.separator" value=";"/>
    <property name="os.version" value="10.0"/>
    <property name="java.runtime.name" value="Java(TM) SE Runtime Environment"/>
    <property name="file.encoding" value="Cp1252"/>
    <property name="java.vm.name" value="Java HotSpot(TM) 64-Bit Server VM"/>
    <property name="localRepository" value="C:\Users\Aravind\.m2\repository"/>
    <property name="java.vendor.url.bug" value="https://bugreport.java.com/bugreport/"/>
    <property name="java.io.tmpdir" value="C:\Users\Aravind\AppData\Local\Temp\"/>
    <property name="java.version" value="14"/>
    <property name="user.dir" value="C:\Personal_Projects\API_Demo_Practice"/>
    <property name="os.arch" value="amd64"/>
    <property name="java.vm.specification.name" value="Java Virtual Machine Specification"/>
    <property name="sun.os.patch.level" value=""/>
    <property name="java.library.path" value="C:\Program Files\Java\jdk-14\bin;C:\WINDOWS\Sun\Java\bin;C:\WINDOWS\system32;C:\WINDOWS;C:/Program Files/Java/jdk-14/bin/server;C:/Program Files/Java/jdk-14/bin;C:\Python38\Scripts\;C:\Python38\;C:\Program Files\Java\jdk-14\bin;C:\Windows\system32;C:\Windows;C:\Windows\System32\Wbem;C:\Windows\System32\WindowsPowerShell\v1.0\;C:\Windows\System32\OpenSSH\;C:\Program Files\NVIDIA Corporation\NVIDIA NvDLISR;C:\Program Files (x86)\NVIDIA Corporation\PhysX\Common;C:\AndroidStudioSDK\tools;C:\AndroidStudioSDK\platform-tools;C:\Project Installation Folders\NodeJS\;C:\ProgramData\chocolatey\bin;C:\WINDOWS\system32;C:\WINDOWS;C:\WINDOWS\System32\Wbem;C:\WINDOWS\System32\WindowsPowerShell\v1.0\;C:\WINDOWS\System32\OpenSSH\;C:\Project Installation Folders\Git\cmd;C:\Program Files\Git\cmd;C:\Program Files\Docker\Docker\resources\bin;C:\ProgramData\DockerDesktop\version-bin;C:\AndroidStudioSDK\emulator;C:\AndroidStudioSDK\tools\bin;C:\Users\Aravind\AppData\Local\Microsoft\WindowsApps;C:\Users\Aravind\AppData\Roaming\npm;C:\Users\Aravind\AppData\Local\Programs\Microsoft VS Code\bin;C:\Users\Aravind\AppData\Local\GitHubDesktop\bin;C:\WINDOWS\System32;;."/>
    <property name="java.vm.info" value="mixed mode, sharing"/>
    <property name="java.vendor" value="Oracle Corporation"/>
    <property name="java.vm.version" value="14+36-1461"/>
    <property name="sun.io.unicode.encoding" value="UnicodeLittle"/>
    <property name="java.class.version" value="58.0"/>
  </properties>
</testsuite>